<?xml version="1.0" encoding="UTF-8"?>
<!-- Generated by org.testng.reporters.JUnitReportReporter -->
<testsuite hostname="namet5" name="com.ghana.app.qa.testcases.VisaCategoriesPageTest" tests="3" failures="0" timestamp="10 Jul 2019 08:04:24 GMT" time="3.558" errors="0">
  <testcase name="clickOnVisaTypeTest" time="1.233" classname="com.ghana.app.qa.testcases.VisaCategoriesPageTest"/>
  <testcase name="validateVisaPageTiltleTest" time="2.266" classname="com.ghana.app.qa.testcases.VisaCategoriesPageTest"/>
  <testcase name="getVisaCategoriesText" time="0.059" classname="com.ghana.app.qa.testcases.VisaCategoriesPageTest"/>
</testsuite> <!-- com.ghana.app.qa.testcases.VisaCategoriesPageTest -->
