<?xml version="1.0" encoding="UTF-8"?>
<!-- Generated by org.testng.reporters.JUnitReportReporter -->
<testsuite skipped="0" hostname="DESKTOP-A3DICO7" name="com.ghana.app.qa.testcases.EmergencyContactPageTest" tests="5" failures="0" timestamp="26 Apr 2019 12:11:37 GMT" time="36.640" errors="0">
  <testcase name="signUpAndFillAddressInfo" time="33.401" classname="com.ghana.app.qa.testcases.EmergencyContactPageTest"/>
  <testcase name="SaveAndContinueAddressInfoTest" time="0.351" classname="com.ghana.app.qa.testcases.EmergencyContactPageTest"/>
  <testcase name="emergencyContactDetailsTest" time="0.903" classname="com.ghana.app.qa.testcases.EmergencyContactPageTest"/>
  <testcase name="selectRelationTest" time="0.306" classname="com.ghana.app.qa.testcases.EmergencyContactPageTest"/>
  <testcase name="emergencyProfessionDetailsTest" time="1.679" classname="com.ghana.app.qa.testcases.EmergencyContactPageTest"/>
</testsuite> <!-- com.ghana.app.qa.testcases.EmergencyContactPageTest -->
