<?xml version="1.0" encoding="UTF-8"?>
<!-- Generated by org.testng.reporters.JUnitReportReporter -->
<<<<<<< Updated upstream
<testsuite hostname="namet5" name="com.ghana.app.qa.xl.pages.MultiplaApplication" tests="4" failures="1" timestamp="10 Jul 2019 05:34:56 GMT" time="149.116" errors="0">
  <testcase name="selectPassPortType" time="127.998" classname="com.ghana.app.qa.xl.pages.MultiplaApplication">
    <failure type="org.openqa.selenium.ElementNotInteractableException" message="element not interactable
  (Session info: chrome=75.0.3770.100)
Build info: version: &#039;3.141.59&#039;, revision: &#039;e82be7d358&#039;, time: &#039;2018-11-14T08:17:03&#039;
System info: host: &#039;NAMET5&#039;, ip: &#039;192.168.56.1&#039;, os.name: &#039;Windows 7&#039;, os.arch: &#039;amd64&#039;, os.version: &#039;6.1&#039;, java.version: &#039;1.8.0_171&#039;
Driver info: org.openqa.selenium.chrome.ChromeDriver
Capabilities {acceptInsecureCerts: false, browserName: chrome, browserVersion: 75.0.3770.100, chrome: {chromedriverVersion: 75.0.3770.8 (681f24ea911fe7..., userDataDir: C:\Users\NIKHIL~1.SON\AppDa...}, goog:chromeOptions: {debuggerAddress: localhost:50572}, javascriptEnabled: true, networkConnectionEnabled: false, pageLoadStrategy: normal, platform: XP, platformName: XP, proxy: Proxy(), setWindowRect: true, strictFileInteractability: false, timeouts: {implicit: 0, pageLoad: 300000, script: 30000}, unhandledPromptBehavior: dismiss and notify}
Session ID: e1dcb873cf045d672c9b3da272ff3f52">
      <![CDATA[org.openqa.selenium.ElementNotInteractableException: element not interactable
  (Session info: chrome=75.0.3770.100)
Build info: version: '3.141.59', revision: 'e82be7d358', time: '2018-11-14T08:17:03'
System info: host: 'NAMET5', ip: '192.168.56.1', os.name: 'Windows 7', os.arch: 'amd64', os.version: '6.1', java.version: '1.8.0_171'
Driver info: org.openqa.selenium.chrome.ChromeDriver
Capabilities {acceptInsecureCerts: false, browserName: chrome, browserVersion: 75.0.3770.100, chrome: {chromedriverVersion: 75.0.3770.8 (681f24ea911fe7..., userDataDir: C:\Users\NIKHIL~1.SON\AppDa...}, goog:chromeOptions: {debuggerAddress: localhost:50572}, javascriptEnabled: true, networkConnectionEnabled: false, pageLoadStrategy: normal, platform: XP, platformName: XP, proxy: Proxy(), setWindowRect: true, strictFileInteractability: false, timeouts: {implicit: 0, pageLoad: 300000, script: 30000}, unhandledPromptBehavior: dismiss and notify}
Session ID: e1dcb873cf045d672c9b3da272ff3f52
	at sun.reflect.NativeConstructorAccessorImpl.newInstance0(Native Method)
	at sun.reflect.NativeConstructorAccessorImpl.newInstance(NativeConstructorAccessorImpl.java:62)
	at sun.reflect.DelegatingConstructorAccessorImpl.newInstance(DelegatingConstructorAccessorImpl.java:45)
	at java.lang.reflect.Constructor.newInstance(Constructor.java:423)
	at org.openqa.selenium.remote.http.W3CHttpResponseCodec.createException(W3CHttpResponseCodec.java:187)
	at org.openqa.selenium.remote.http.W3CHttpResponseCodec.decode(W3CHttpResponseCodec.java:122)
	at org.openqa.selenium.remote.http.W3CHttpResponseCodec.decode(W3CHttpResponseCodec.java:49)
	at org.openqa.selenium.remote.HttpCommandExecutor.execute(HttpCommandExecutor.java:158)
	at org.openqa.selenium.remote.service.DriverCommandExecutor.execute(DriverCommandExecutor.java:83)
	at org.openqa.selenium.remote.RemoteWebDriver.execute(RemoteWebDriver.java:552)
	at org.openqa.selenium.remote.RemoteWebElement.execute(RemoteWebElement.java:285)
	at org.openqa.selenium.remote.RemoteWebElement.click(RemoteWebElement.java:84)
	at com.ghana.app.qa.xl.pages.SignUpXlPage.selectNationality(SignUpXlPage.java:135)
	at com.ghana.app.qa.xl.pages.MultiplaApplication.selectPassPortType(MultiplaApplication.java:77)
=======
<testsuite hostname="Torenzo" name="com.ghana.app.qa.xl.pages.MultiplaApplication" tests="4" failures="1" timestamp="11 Jul 2019 05:29:39 GMT" time="45.139" errors="0">
  <testcase name="clickOnVisaTypeTest" time="1.801" classname="com.ghana.app.qa.xl.pages.MultiplaApplication"/>
  <testcase name="validateVisaPageTiltleTest" time="2.420" classname="com.ghana.app.qa.xl.pages.MultiplaApplication"/>
  <testcase name="selectPassPortType" time="40.843" classname="com.ghana.app.qa.xl.pages.MultiplaApplication">
    <failure type="java.lang.IndexOutOfBoundsException" message="Index: 12, Size: 4">
      <![CDATA[java.lang.IndexOutOfBoundsException: Index: 12, Size: 4
	at java.util.ArrayList.rangeCheck(Unknown Source)
	at java.util.ArrayList.get(Unknown Source)
	at sun.reflect.NativeMethodAccessorImpl.invoke0(Native Method)
	at sun.reflect.NativeMethodAccessorImpl.invoke(Unknown Source)
	at sun.reflect.DelegatingMethodAccessorImpl.invoke(Unknown Source)
	at java.lang.reflect.Method.invoke(Unknown Source)
	at org.openqa.selenium.support.pagefactory.internal.LocatingElementListHandler.invoke(LocatingElementListHandler.java:39)
	at com.sun.proxy.$Proxy9.get(Unknown Source)
	at com.ghana.app.qa.xl.pages.SignUpXlPage.verifyCheckBoxIsSelected(SignUpXlPage.java:267)
	at com.ghana.app.qa.xl.pages.MultiplaApplication.selectPassPortType(MultiplaApplication.java:89)
>>>>>>> Stashed changes
	at sun.reflect.NativeMethodAccessorImpl.invoke0(Native Method)
	at sun.reflect.NativeMethodAccessorImpl.invoke(NativeMethodAccessorImpl.java:62)
	at sun.reflect.DelegatingMethodAccessorImpl.invoke(DelegatingMethodAccessorImpl.java:43)
	at java.lang.reflect.Method.invoke(Method.java:498)
	at org.testng.internal.MethodInvocationHelper.invokeMethod(MethodInvocationHelper.java:80)
	at org.testng.internal.Invoker.invokeMethod(Invoker.java:714)
	at org.testng.internal.Invoker.invokeTestMethod(Invoker.java:901)
	at org.testng.internal.Invoker.invokeTestMethods(Invoker.java:1231)
	at org.testng.internal.TestMethodWorker.invokeTestMethods(TestMethodWorker.java:127)
	at org.testng.internal.TestMethodWorker.run(TestMethodWorker.java:111)
	at org.testng.TestRunner.privateRun(TestRunner.java:767)
	at org.testng.TestRunner.run(TestRunner.java:617)
	at org.testng.SuiteRunner.runTest(SuiteRunner.java:334)
	at org.testng.SuiteRunner.runSequentially(SuiteRunner.java:329)
	at org.testng.SuiteRunner.privateRun(SuiteRunner.java:291)
	at org.testng.SuiteRunner.run(SuiteRunner.java:240)
	at org.testng.SuiteRunnerWorker.runSuite(SuiteRunnerWorker.java:52)
	at org.testng.SuiteRunnerWorker.run(SuiteRunnerWorker.java:86)
	at org.testng.TestNG.runSuitesSequentially(TestNG.java:1198)
	at org.testng.TestNG.runSuitesLocally(TestNG.java:1123)
	at org.testng.TestNG.run(TestNG.java:1031)
	at org.testng.remote.AbstractRemoteTestNG.run(AbstractRemoteTestNG.java:114)
	at org.testng.remote.RemoteTestNG.initAndRun(RemoteTestNG.java:251)
	at org.testng.remote.RemoteTestNG.main(RemoteTestNG.java:77)
]]>
    </failure>
  </testcase> <!-- selectPassPortType -->
<<<<<<< Updated upstream
  <testcase name="validateVisaPageTiltleTest" time="16.098" classname="com.ghana.app.qa.xl.pages.MultiplaApplication"/>
  <testcase name="getVisaCategoriesText" time="0.082" classname="com.ghana.app.qa.xl.pages.MultiplaApplication"/>
  <testcase name="clickOnVisaTypeTest" time="4.938" classname="com.ghana.app.qa.xl.pages.MultiplaApplication"/>
=======
  <testcase name="getVisaCategoriesText" time="0.075" classname="com.ghana.app.qa.xl.pages.MultiplaApplication"/>
>>>>>>> Stashed changes
</testsuite> <!-- com.ghana.app.qa.xl.pages.MultiplaApplication -->
