<?xml version="1.0" encoding="UTF-8"?>
<!-- Generated by org.testng.reporters.JUnitReportReporter -->
<testsuite hostname="namet5" name="com.ghana.app.qa.testcases.PersonalInfoPageTest" tests="12" failures="0" timestamp="5 Jul 2019 08:52:51 GMT" time="44.538" errors="0">
  <testcase name="passLastNameTest" time="0.318" classname="com.ghana.app.qa.testcases.PersonalInfoPageTest"/>
  <testcase name="passPlaceOfBirthTest" time="0.266" classname="com.ghana.app.qa.testcases.PersonalInfoPageTest"/>
  <testcase name="passPassportNumberTest" time="0.280" classname="com.ghana.app.qa.testcases.PersonalInfoPageTest"/>
  <testcase name="getApplicationIdTest" time="0.177" classname="com.ghana.app.qa.testcases.PersonalInfoPageTest"/>
  <testcase name="passMiddleNameTest" time="0.336" classname="com.ghana.app.qa.testcases.PersonalInfoPageTest"/>
  <testcase name="verifyPersonalInfoTest" time="2.236" classname="com.ghana.app.qa.testcases.PersonalInfoPageTest"/>
  <testcase name="clickOnGenderTest" time="0.189" classname="com.ghana.app.qa.testcases.PersonalInfoPageTest"/>
  <testcase name="fillSignUpFormTest" time="29.669" classname="com.ghana.app.qa.testcases.PersonalInfoPageTest"/>
  <testcase name="selectPassIssueDateTest" time="4.260" classname="com.ghana.app.qa.testcases.PersonalInfoPageTest"/>
  <testcase name="selectPassExpiryDateTest" time="4.280" classname="com.ghana.app.qa.testcases.PersonalInfoPageTest"/>
  <testcase name="getApplicationPageTitleTest" time="2.198" classname="com.ghana.app.qa.testcases.PersonalInfoPageTest"/>
  <testcase name="passFirstNameTest" time="0.329" classname="com.ghana.app.qa.testcases.PersonalInfoPageTest"/>
</testsuite> <!-- com.ghana.app.qa.testcases.PersonalInfoPageTest -->
