<?xml version="1.0" encoding="UTF-8"?>
<!-- Generated by org.testng.reporters.JUnitReportReporter -->
<testsuite skipped="0" hostname="namet5" name="com.ghana.app.qa.testcases.AddressInfoPageTest" tests="7" failures="0" timestamp="12 Jun 2019 12:13:37 GMT" time="98.722" errors="0">
  <testcase name="SaveAndContinueFromPersonalInfoTest" time="4.639" classname="com.ghana.app.qa.testcases.AddressInfoPageTest"/>
  <testcase name="signUpAndFillPersonalInfo" time="64.830" classname="com.ghana.app.qa.testcases.AddressInfoPageTest"/>
  <testcase name="filladdressInfoTest3" time="6.818" classname="com.ghana.app.qa.testcases.AddressInfoPageTest"/>
  <testcase name="filladdressInfoTest1" time="8.274" classname="com.ghana.app.qa.testcases.AddressInfoPageTest"/>
  <testcase name="selectFormerNationalityTest" time="6.954" classname="com.ghana.app.qa.testcases.AddressInfoPageTest"/>
  <testcase name="selectAddressType" time="2.479" classname="com.ghana.app.qa.testcases.AddressInfoPageTest"/>
  <testcase name="filladdressInfoTest2" time="4.728" classname="com.ghana.app.qa.testcases.AddressInfoPageTest"/>
</testsuite> <!-- com.ghana.app.qa.testcases.AddressInfoPageTest -->
