<?xml version="1.0" encoding="UTF-8"?>
<!-- Generated by org.testng.reporters.JUnitReportReporter -->
<testsuite hostname="namet5" name="com.ghana.app.qa.testcases.HomePageTest" tests="2" failures="0" timestamp="9 Jul 2019 05:59:09 GMT" time="1.134" errors="0">
  <testcase name="verifyHomePageTitleTest" time="0.444" classname="com.ghana.app.qa.testcases.HomePageTest"/>
  <testcase name="verifyVisaCategoriesTest" time="0.690" classname="com.ghana.app.qa.testcases.HomePageTest"/>
</testsuite> <!-- com.ghana.app.qa.testcases.HomePageTest -->
