<?xml version="1.0" encoding="UTF-8"?>
<!-- Generated by org.testng.reporters.JUnitReportReporter -->
<testsuite hostname="Torenzo" name="com.ghana.app.qa.testcases.VisaPaymentPageTest" tests="7" failures="0" timestamp="25 Jun 2019 06:05:14 GMT" time="81.880" errors="0">
  <testcase name="signUpAndFillSignUpPage" time="42.907" classname="com.ghana.app.qa.testcases.VisaPaymentPageTest"/>
  <testcase name="verifyClickOnSubmitBtnTest" time="20.005" classname="com.ghana.app.qa.testcases.VisaPaymentPageTest"/>
  <testcase name="fillAddressinfoPageTest" time="7.223" classname="com.ghana.app.qa.testcases.VisaPaymentPageTest"/>
  <testcase name="fillPersonalPageTest" time="2.706" classname="com.ghana.app.qa.testcases.VisaPaymentPageTest"/>
  <testcase name="fillEmergencyPageTest" time="2.369" classname="com.ghana.app.qa.testcases.VisaPaymentPageTest"/>
  <testcase name="fillTravelInfoPageTest" time="4.683" classname="com.ghana.app.qa.testcases.VisaPaymentPageTest"/>
  <testcase name="documentPageTest" time="1.987" classname="com.ghana.app.qa.testcases.VisaPaymentPageTest"/>
</testsuite> <!-- com.ghana.app.qa.testcases.VisaPaymentPageTest -->
