<?xml version="1.0" encoding="UTF-8"?>
<!-- Generated by org.testng.reporters.JUnitReportReporter -->
<testsuite hostname="Torenzo" name="com.ghana.app.qa.testcases.SignUpPageTest" tests="6" failures="0" timestamp="9 Jul 2019 12:36:01 GMT" time="25.287" errors="0">
  <testcase name="selectNationalityTest" time="8.974" classname="com.ghana.app.qa.testcases.SignUpPageTest"/>
  <testcase name="selectPortOfArrivalTest" time="2.786" classname="com.ghana.app.qa.testcases.SignUpPageTest"/>
  <testcase name="selectVisaType" time="10.037" classname="com.ghana.app.qa.testcases.SignUpPageTest"/>
  <testcase name="selectPassportTypeTest" time="0.970" classname="com.ghana.app.qa.testcases.SignUpPageTest"/>
  <testcase name="launchAndGotoSignUP" time="2.224" classname="com.ghana.app.qa.testcases.SignUpPageTest"/>
  <testcase name="selectVisaLocation" time="0.296" classname="com.ghana.app.qa.testcases.SignUpPageTest"/>
</testsuite> <!-- com.ghana.app.qa.testcases.SignUpPageTest -->
