<?xml version="1.0" encoding="UTF-8"?>
<!-- Generated by org.testng.reporters.JUnitReportReporter -->
<testsuite hostname="Torenzo" name="com.ghana.app.qa.testcases.ConsulatePageRejectTest" tests="27" failures="0" timestamp="25 Jul 2019 10:51:08 GMT" time="244.643" errors="0">
  <testcase name="verifyApplicationSentToRejectBucketOpens" time="2.700" classname="com.ghana.app.qa.testcases.ConsulatePageRejectTest"/>
  <testcase name="clickOnYellowFevervaccinationCN" time="7.947" classname="com.ghana.app.qa.testcases.ConsulatePageRejectTest"/>
  <testcase name="clickOnOnPhotoCloseCN" time="3.565" classname="com.ghana.app.qa.testcases.ConsulatePageRejectTest"/>
  <testcase name="clickOnIdProofReferenceCloseCN" time="5.616" classname="com.ghana.app.qa.testcases.ConsulatePageRejectTest"/>
  <testcase name="fillPersonalPageTest" time="2.766" classname="com.ghana.app.qa.testcases.ConsulatePageRejectTest"/>
  <testcase name="clickOnCoveringLetterCloseCN" time="3.516" classname="com.ghana.app.qa.testcases.ConsulatePageRejectTest"/>
  <testcase name="clickOnRejectAndVerifyPopText2CN" time="4.809" classname="com.ghana.app.qa.testcases.ConsulatePageRejectTest"/>
  <testcase name="clickOnCoveringLetterCN" time="8.013" classname="com.ghana.app.qa.testcases.ConsulatePageRejectTest"/>
  <testcase name="verifyTitleOfConsulateTitle" time="0.352" classname="com.ghana.app.qa.testcases.ConsulatePageRejectTest"/>
  <testcase name="clickOnRejectAndVerifyPopTextCN" time="4.365" classname="com.ghana.app.qa.testcases.ConsulatePageRejectTest"/>
  <testcase name="clickOnYellowFevervaccinationCloseCN" time="3.662" classname="com.ghana.app.qa.testcases.ConsulatePageRejectTest"/>
  <testcase name="loginIntoConsulate" time="22.147" classname="com.ghana.app.qa.testcases.ConsulatePageRejectTest"/>
  <testcase name="clickOnConfirmedAirTicketWindowCN" time="11.403" classname="com.ghana.app.qa.testcases.ConsulatePageRejectTest"/>
  <testcase name="clickOnProofOfTransitVisaCloseCN" time="3.664" classname="com.ghana.app.qa.testcases.ConsulatePageRejectTest"/>
  <testcase name="documentPageAndPaymentPageTest" time="18.691" classname="com.ghana.app.qa.testcases.ConsulatePageRejectTest"/>
  <testcase name="signUpAndFillSignUpPage" time="30.606" classname="com.ghana.app.qa.testcases.ConsulatePageRejectTest"/>
  <testcase name="fillEmergencyPageTest" time="3.521" classname="com.ghana.app.qa.testcases.ConsulatePageRejectTest"/>
  <testcase name="verfiyTitleOfCNDocumentVerificatonPageCN" time="9.631" classname="com.ghana.app.qa.testcases.ConsulatePageRejectTest"/>
  <testcase name="clickOnProofOfTransitVisaCN" time="8.083" classname="com.ghana.app.qa.testcases.ConsulatePageRejectTest"/>
  <testcase name="verifyCanceAndCrossButton" time="22.671" classname="com.ghana.app.qa.testcases.ConsulatePageRejectTest"/>
  <testcase name="clickOnRejectAndVerifyPopText1CN" time="7.060" classname="com.ghana.app.qa.testcases.ConsulatePageRejectTest"/>
  <testcase name="verifyApplicaInRejectApplicationBucket" time="20.496" classname="com.ghana.app.qa.testcases.ConsulatePageRejectTest"/>
  <testcase name="fillAddressinfoPageTest" time="8.854" classname="com.ghana.app.qa.testcases.ConsulatePageRejectTest"/>
  <testcase name="clickOnOnPhotoCN" time="7.879" classname="com.ghana.app.qa.testcases.ConsulatePageRejectTest"/>
  <testcase name="clickOnIdProofReferenceCN" time="9.917" classname="com.ghana.app.qa.testcases.ConsulatePageRejectTest"/>
  <testcase name="fillTravelInfoPageTest" time="5.621" classname="com.ghana.app.qa.testcases.ConsulatePageRejectTest"/>
  <testcase name="clickOnConfirmedAirTicketWindowCloseCN" time="7.088" classname="com.ghana.app.qa.testcases.ConsulatePageRejectTest"/>
</testsuite> <!-- com.ghana.app.qa.testcases.ConsulatePageRejectTest -->
