<?xml version="1.0" encoding="UTF-8"?>
<!-- Generated by org.testng.reporters.JUnitReportReporter -->
<testsuite skipped="0" hostname="namet5" name="com.ghana.app.qa.testcases.EmergencyContactPageTest" tests="9" failures="0" timestamp="19 Jun 2019 07:40:07 GMT" time="69.714" errors="0">
  <testcase name="emergencyContactDetailsTest" time="1.012" classname="com.ghana.app.qa.testcases.EmergencyContactPageTest"/>
  <testcase name="emergencyProfessionDetailsTest3" time="0.599" classname="com.ghana.app.qa.testcases.EmergencyContactPageTest"/>
  <testcase name="fillPersonalPageTest" time="3.717" classname="com.ghana.app.qa.testcases.EmergencyContactPageTest"/>
  <testcase name="emergencyProfessionDetailsTest1" time="1.449" classname="com.ghana.app.qa.testcases.EmergencyContactPageTest"/>
  <testcase name="selectRelationTest" time="0.970" classname="com.ghana.app.qa.testcases.EmergencyContactPageTest"/>
  <testcase name="signUpAndFillSignUpPage" time="54.516" classname="com.ghana.app.qa.testcases.EmergencyContactPageTest"/>
  <testcase name="fillAddressinfoPageTest" time="5.895" classname="com.ghana.app.qa.testcases.EmergencyContactPageTest"/>
  <testcase name="SaveAndContinueAddressInfoTest" time="0.599" classname="com.ghana.app.qa.testcases.EmergencyContactPageTest"/>
  <testcase name="emergencyProfessionDetailsTest2" time="0.957" classname="com.ghana.app.qa.testcases.EmergencyContactPageTest"/>
</testsuite> <!-- com.ghana.app.qa.testcases.EmergencyContactPageTest -->
