<?xml version="1.0" encoding="UTF-8"?>
<!-- Generated by org.testng.reporters.JUnitReportReporter -->
<testsuite skipped="0" hostname="RahulKaelsMini2" name="com.ghana.app.qa.testcases.SignUpPageTest" tests="11" failures="0" timestamp="15 May 2019 07:19:59 GMT" time="20.847" errors="0">
  <testcase name="launchAndGotoSignUP" time="10.167" classname="com.ghana.app.qa.testcases.SignUpPageTest"/>
  <testcase name="selectPassportTypeTest" time="0.246" classname="com.ghana.app.qa.testcases.SignUpPageTest"/>
  <testcase name="selectNationalityTest" time="1.096" classname="com.ghana.app.qa.testcases.SignUpPageTest"/>
  <testcase name="selectPortOfArrivalTest" time="0.158" classname="com.ghana.app.qa.testcases.SignUpPageTest"/>
  <testcase name="selectVisaType" time="0.176" classname="com.ghana.app.qa.testcases.SignUpPageTest"/>
  <testcase name="selectVisaLocation" time="0.152" classname="com.ghana.app.qa.testcases.SignUpPageTest"/>
  <testcase name="passPhoneNoTest" time="0.176" classname="com.ghana.app.qa.testcases.SignUpPageTest"/>
  <testcase name="passEmailIdTest" time="0.442" classname="com.ghana.app.qa.testcases.SignUpPageTest"/>
  <testcase name="passReEmailIdTest" time="0.577" classname="com.ghana.app.qa.testcases.SignUpPageTest"/>
  <testcase name="enterCaptchaFieldTest" time="4.153" classname="com.ghana.app.qa.testcases.SignUpPageTest"/>
  <testcase name="selectDateOfBirthTest" time="3.504" classname="com.ghana.app.qa.testcases.SignUpPageTest"/>
</testsuite> <!-- com.ghana.app.qa.testcases.SignUpPageTest -->
