<?xml version="1.0" encoding="UTF-8"?>
<!-- Generated by org.testng.reporters.JUnitReportReporter -->
<testsuite skipped="0" hostname="RahulKaelsMini2" name="com.ghana.app.qa.testcases.UploadDocPageTest" tests="2" failures="0" timestamp="15 May 2019 07:27:45 GMT" time="36.489" errors="0">
  <testcase name="signUpAndFillTravelInfo" time="35.895" classname="com.ghana.app.qa.testcases.UploadDocPageTest"/>
  <testcase name="getUploadDocTest" time="0.594" classname="com.ghana.app.qa.testcases.UploadDocPageTest"/>
</testsuite> <!-- com.ghana.app.qa.testcases.UploadDocPageTest -->
