<?xml version="1.0" encoding="UTF-8"?>
<!-- Generated by org.testng.reporters.JUnitReportReporter -->
<testsuite hostname="namet5" name="com.ghana.app.qa.testcases.EmergencyContactPageTest" tests="9" failures="0" timestamp="10 Jul 2019 08:04:24 GMT" time="40.504" errors="0">
  <testcase name="emergencyProfessionDetailsTest3" time="0.544" classname="com.ghana.app.qa.testcases.EmergencyContactPageTest"/>
  <testcase name="fillPersonalPageTest" time="3.523" classname="com.ghana.app.qa.testcases.EmergencyContactPageTest"/>
  <testcase name="selectRelationTest" time="0.781" classname="com.ghana.app.qa.testcases.EmergencyContactPageTest"/>
  <testcase name="fillAddressinfoPageTest" time="5.444" classname="com.ghana.app.qa.testcases.EmergencyContactPageTest"/>
  <testcase name="signUpAndFillSignUpPage" time="27.395" classname="com.ghana.app.qa.testcases.EmergencyContactPageTest"/>
  <testcase name="emergencyContactDetailsTest" time="0.654" classname="com.ghana.app.qa.testcases.EmergencyContactPageTest"/>
  <testcase name="SaveAndContinueAddressInfoTest" time="0.590" classname="com.ghana.app.qa.testcases.EmergencyContactPageTest"/>
  <testcase name="emergencyProfessionDetailsTest1" time="0.932" classname="com.ghana.app.qa.testcases.EmergencyContactPageTest"/>
  <testcase name="emergencyProfessionDetailsTest2" time="0.641" classname="com.ghana.app.qa.testcases.EmergencyContactPageTest"/>
</testsuite> <!-- com.ghana.app.qa.testcases.EmergencyContactPageTest -->
