<?xml version="1.0" encoding="UTF-8"?>
<!-- Generated by org.testng.reporters.JUnitReportReporter -->
<testsuite skipped="0" hostname="Torenzo" name="com.ghana.app.qa.testcases.ConsulatePageApproveTest" tests="27" failures="0" timestamp="18 May 2019 07:29:01 GMT" time="173.950" errors="0">
  <testcase name="signUpAndPayment" time="46.869" classname="com.ghana.app.qa.testcases.ConsulatePageApproveTest"/>
  <testcase name="loginIntoConsulate" time="4.588" classname="com.ghana.app.qa.testcases.ConsulatePageApproveTest"/>
  <testcase name="verifyTitleOfConsulateTitle" time="0.010" classname="com.ghana.app.qa.testcases.ConsulatePageApproveTest"/>
  <testcase name="clickOnNewApplicationCN" time="20.203" classname="com.ghana.app.qa.testcases.ConsulatePageApproveTest"/>
  <testcase name="getTextFromApplicantInformationCN" time="3.077" classname="com.ghana.app.qa.testcases.ConsulatePageApproveTest"/>
  <testcase name="clickOnAddressInforCN" time="0.575" classname="com.ghana.app.qa.testcases.ConsulatePageApproveTest"/>
  <testcase name="getTextFromAddressInformationCN" time="3.209" classname="com.ghana.app.qa.testcases.ConsulatePageApproveTest"/>
  <testcase name="verfiyTitleOfCNTravelInfoPageCN" time="0.531" classname="com.ghana.app.qa.testcases.ConsulatePageApproveTest"/>
  <testcase name="getTextFromTravelInformationCN" time="0.238" classname="com.ghana.app.qa.testcases.ConsulatePageApproveTest"/>
  <testcase name="verfiyTitleOfCNDocumentVerificatonPageCN" time="0.499" classname="com.ghana.app.qa.testcases.ConsulatePageApproveTest"/>
  <testcase name="clickOnBackButtonAndVerifyTitleTravelInformationCN" time="3.566" classname="com.ghana.app.qa.testcases.ConsulatePageApproveTest"/>
  <testcase name="clickOnBackButtonAndVerifyTitleAddressInformationCN" time="3.840" classname="com.ghana.app.qa.testcases.ConsulatePageApproveTest"/>
  <testcase name="clickOnBackButtonAndVerifyTitleApplicantInformationCN" time="3.598" classname="com.ghana.app.qa.testcases.ConsulatePageApproveTest"/>
  <testcase name="clickOnNextButtonAndVerifyTitleAddressInformationCN" time="0.531" classname="com.ghana.app.qa.testcases.ConsulatePageApproveTest"/>
  <testcase name="clickOnNextButtonAndVerifyTitleTravelInformationCN" time="0.495" classname="com.ghana.app.qa.testcases.ConsulatePageApproveTest"/>
  <testcase name="clickOnNextButtonAndVerifyTitleDocumentVerificationCN" time="0.524" classname="com.ghana.app.qa.testcases.ConsulatePageApproveTest"/>
  <testcase name="clickOnInterviewScheduleAndcancelCN" time="9.563" classname="com.ghana.app.qa.testcases.ConsulatePageApproveTest"/>
  <testcase name="clickOnInterviewScheduleAndCloseCN" time="9.431" classname="com.ghana.app.qa.testcases.ConsulatePageApproveTest"/>
  <testcase name="selectAllCheckBoxAndVerifyCN" time="4.782" classname="com.ghana.app.qa.testcases.ConsulatePageApproveTest"/>
  <testcase name="selectOneByOneCheckBoxAndVerifyCN" time="1.242" classname="com.ghana.app.qa.testcases.ConsulatePageApproveTest"/>
  <testcase name="clickOnApproveAndVerifyPopTextCN" time="2.824" classname="com.ghana.app.qa.testcases.ConsulatePageApproveTest"/>
  <testcase name="clickOnApproveAndVerifyPopText1CN" time="6.178" classname="com.ghana.app.qa.testcases.ConsulatePageApproveTest"/>
  <testcase name="passCommentCN" time="0.870" classname="com.ghana.app.qa.testcases.ConsulatePageApproveTest"/>
  <testcase name="clickOnApproveCN" time="5.860" classname="com.ghana.app.qa.testcases.ConsulatePageApproveTest"/>
  <testcase name="verifyApplicaInHCGApplicationBucket" time="17.349" classname="com.ghana.app.qa.testcases.ConsulatePageApproveTest"/>
  <testcase name="verifyApplicationSentOpens" time="1.084" classname="com.ghana.app.qa.testcases.ConsulatePageApproveTest"/>
  <testcase name="verifyCanceAndCrossButton" time="22.414" classname="com.ghana.app.qa.testcases.ConsulatePageApproveTest"/>
</testsuite> <!-- com.ghana.app.qa.testcases.ConsulatePageApproveTest -->
