<?xml version="1.0" encoding="UTF-8"?>
<!-- Generated by org.testng.reporters.JUnitReportReporter -->
<testsuite hostname="namet5" name="com.ghana.app.qa.testcases.SignUpPageTest" tests="11" failures="0" timestamp="3 Jul 2019 06:40:02 GMT" time="32.503" errors="0">
  <testcase name="launchAndGotoSignUP" time="2.039" classname="com.ghana.app.qa.testcases.SignUpPageTest"/>
  <testcase name="selectNationalityTest" time="7.361" classname="com.ghana.app.qa.testcases.SignUpPageTest"/>
  <testcase name="selectVisaLocation" time="2.661" classname="com.ghana.app.qa.testcases.SignUpPageTest"/>
  <testcase name="selectPortOfArrivalTest" time="2.626" classname="com.ghana.app.qa.testcases.SignUpPageTest"/>
  <testcase name="passEmailIdTest" time="0.375" classname="com.ghana.app.qa.testcases.SignUpPageTest"/>
  <testcase name="selectVisaType" time="9.738" classname="com.ghana.app.qa.testcases.SignUpPageTest"/>
  <testcase name="selectPassportTypeTest" time="0.930" classname="com.ghana.app.qa.testcases.SignUpPageTest"/>
  <testcase name="passPhoneNoTest" time="1.306" classname="com.ghana.app.qa.testcases.SignUpPageTest"/>
  <testcase name="passReEmailIdTest" time="0.299" classname="com.ghana.app.qa.testcases.SignUpPageTest"/>
  <testcase name="selectDateOfBirthTest" time="3.472" classname="com.ghana.app.qa.testcases.SignUpPageTest"/>
  <testcase name="enterCaptchaFieldTest" time="1.696" classname="com.ghana.app.qa.testcases.SignUpPageTest"/>
</testsuite> <!-- com.ghana.app.qa.testcases.SignUpPageTest -->
