<?xml version="1.0" encoding="UTF-8"?>
<!-- Generated by org.testng.reporters.JUnitReportReporter -->
<testsuite skipped="0" hostname="Torenzo" name="com.ghana.app.qa.testcases.SignUpPageTest" tests="12" failures="0" timestamp="8 Jun 2019 07:10:50 GMT" time="78.370" errors="0">
  <testcase name="launchAndGotoSignUP" time="1.487" classname="com.ghana.app.qa.testcases.SignUpPageTest"/>
  <testcase name="passReEmailIdTest" time="7.530" classname="com.ghana.app.qa.testcases.SignUpPageTest"/>
  <testcase name="selectPassportTypeTest" time="0.785" classname="com.ghana.app.qa.testcases.SignUpPageTest"/>
  <testcase name="selectVisaLocation" time="5.719" classname="com.ghana.app.qa.testcases.SignUpPageTest"/>
  <testcase name="verifyTitleSignUpPage" time="10.644" classname="com.ghana.app.qa.testcases.SignUpPageTest"/>
  <testcase name="selectPortOfArrivalTest" time="5.585" classname="com.ghana.app.qa.testcases.SignUpPageTest"/>
  <testcase name="selectNationalityTest" time="10.827" classname="com.ghana.app.qa.testcases.SignUpPageTest"/>
  <testcase name="passPhoneNoTest" time="2.535" classname="com.ghana.app.qa.testcases.SignUpPageTest"/>
  <testcase name="selectVisaType" time="19.869" classname="com.ghana.app.qa.testcases.SignUpPageTest"/>
  <testcase name="enterCaptchaFieldTest" time="4.301" classname="com.ghana.app.qa.testcases.SignUpPageTest"/>
  <testcase name="passEmailIdTest" time="3.685" classname="com.ghana.app.qa.testcases.SignUpPageTest"/>
  <testcase name="selectDateOfBirthTest" time="5.403" classname="com.ghana.app.qa.testcases.SignUpPageTest"/>
</testsuite> <!-- com.ghana.app.qa.testcases.SignUpPageTest -->
