<?xml version="1.0" encoding="UTF-8"?>
<!-- Generated by org.testng.reporters.JUnitReportReporter -->
<testsuite hostname="namet5" name="com.ghana.app.qa.testcases.HomePageTest" tests="2" failures="0" timestamp="10 Jul 2019 08:04:24 GMT" time="1.876" errors="0">
  <testcase name="verifyVisaCategoriesTest" time="1.361" classname="com.ghana.app.qa.testcases.HomePageTest"/>
  <testcase name="verifyHomePageTitleTest" time="0.515" classname="com.ghana.app.qa.testcases.HomePageTest"/>
</testsuite> <!-- com.ghana.app.qa.testcases.HomePageTest -->
