<?xml version="1.0" encoding="UTF-8"?>
<!-- Generated by org.testng.reporters.JUnitReportReporter -->
<testsuite hostname="Torenzo" name="com.ghana.app.qa.testcases.VisaCategoriesPageTest" tests="3" failures="0" timestamp="25 Jun 2019 06:23:15 GMT" time="4.181" errors="0">
  <testcase name="validateVisaPageTiltleTest" time="2.359" classname="com.ghana.app.qa.testcases.VisaCategoriesPageTest"/>
  <testcase name="getVisaCategoriesText" time="0.062" classname="com.ghana.app.qa.testcases.VisaCategoriesPageTest"/>
  <testcase name="clickOnVisaTypeTest" time="1.760" classname="com.ghana.app.qa.testcases.VisaCategoriesPageTest"/>
</testsuite> <!-- com.ghana.app.qa.testcases.VisaCategoriesPageTest -->
