<?xml version="1.0" encoding="UTF-8"?>
<!-- Generated by org.testng.reporters.JUnitReportReporter -->
<testsuite skipped="0" hostname="DESKTOP-A3DICO7" name="com.ghana.app.qa.testcases.HomePageTest" tests="2" failures="0" timestamp="26 Apr 2019 12:11:37 GMT" time="0.466" errors="0">
  <testcase name="verifyHomePageTitleTest" time="0.045" classname="com.ghana.app.qa.testcases.HomePageTest"/>
  <testcase name="verifyVisaCategoriesTest" time="0.421" classname="com.ghana.app.qa.testcases.HomePageTest"/>
</testsuite> <!-- com.ghana.app.qa.testcases.HomePageTest -->
