<?xml version="1.0" encoding="UTF-8"?>
<!-- Generated by org.testng.reporters.JUnitReportReporter -->
<testsuite skipped="0" hostname="DESKTOP-A3DICO7" name="com.ghana.app.qa.testcases.TravelInfoPageTest" tests="17" failures="0" timestamp="26 Apr 2019 12:11:37 GMT" time="48.568" errors="0">
  <testcase name="signUpAndFillEmergInfo" time="37.775" classname="com.ghana.app.qa.testcases.TravelInfoPageTest"/>
  <testcase name="ContinueAndSaveEmergTest" time="4.778" classname="com.ghana.app.qa.testcases.TravelInfoPageTest"/>
  <testcase name="clickOnIsApplicantPossessionRoundTicketTest" time="0.239" classname="com.ghana.app.qa.testcases.TravelInfoPageTest"/>
  <testcase name="passDateOfDepartureTest" time="0.722" classname="com.ghana.app.qa.testcases.TravelInfoPageTest"/>
  <testcase name="passTicketNumberTest" time="0.269" classname="com.ghana.app.qa.testcases.TravelInfoPageTest"/>
  <testcase name="clickOnTravelByTest" time="0.220" classname="com.ghana.app.qa.testcases.TravelInfoPageTest"/>
  <testcase name="clickPurpose_of_journeyTest" time="0.260" classname="com.ghana.app.qa.testcases.TravelInfoPageTest"/>
  <testcase name="passPrimaryRefFirstnameTest" time="0.174" classname="com.ghana.app.qa.testcases.TravelInfoPageTest"/>
  <testcase name="passPrimaryRefLastnameTest" time="0.240" classname="com.ghana.app.qa.testcases.TravelInfoPageTest"/>
  <testcase name="pass_Primary_ref_addressTest" time="0.422" classname="com.ghana.app.qa.testcases.TravelInfoPageTest"/>
  <testcase name="pass_primary_ref_pincodeTest" time="0.153" classname="com.ghana.app.qa.testcases.TravelInfoPageTest"/>
  <testcase name="pass_primary_ref_cityTest" time="0.252" classname="com.ghana.app.qa.testcases.TravelInfoPageTest"/>
  <testcase name="pass_primary_ref_stateTest" time="0.270" classname="com.ghana.app.qa.testcases.TravelInfoPageTest"/>
  <testcase name="pass_primary_ref_countryTest" time="0.129" classname="com.ghana.app.qa.testcases.TravelInfoPageTest"/>
  <testcase name="pass_primary_ref_phone_numberTest" time="0.276" classname="com.ghana.app.qa.testcases.TravelInfoPageTest"/>
  <testcase name="PassSecondaryRefDetailsTest" time="1.735" classname="com.ghana.app.qa.testcases.TravelInfoPageTest"/>
  <testcase name="verifyCheckBoxTest" time="0.654" classname="com.ghana.app.qa.testcases.TravelInfoPageTest"/>
</testsuite> <!-- com.ghana.app.qa.testcases.TravelInfoPageTest -->
