<?xml version="1.0" encoding="UTF-8"?>
<!-- Generated by org.testng.reporters.JUnitReportReporter -->
<testsuite skipped="0" hostname="RahulKaelsMini2" name="com.ghana.app.qa.testcases.VisaCategoriesPageTest" tests="3" failures="0" timestamp="15 May 2019 07:19:15 GMT" time="6.205" errors="0">
  <testcase name="validateVisaPageTiltleTest" time="2.281" classname="com.ghana.app.qa.testcases.VisaCategoriesPageTest"/>
  <testcase name="getVisaCategoriesText" time="0.063" classname="com.ghana.app.qa.testcases.VisaCategoriesPageTest"/>
  <testcase name="clickOnVisaTypeTest" time="3.861" classname="com.ghana.app.qa.testcases.VisaCategoriesPageTest"/>
</testsuite> <!-- com.ghana.app.qa.testcases.VisaCategoriesPageTest -->
