<?xml version="1.0" encoding="UTF-8"?>
<!-- Generated by org.testng.reporters.JUnitReportReporter -->
<testsuite skipped="0" hostname="namet5" name="com.ghana.app.qa.testcases.TravelInfoPageTest" tests="27" failures="0" timestamp="19 Jun 2019 07:44:51 GMT" time="102.011" errors="0">
  <testcase name="passTicketNumberTest" time="0.329" classname="com.ghana.app.qa.testcases.TravelInfoPageTest"/>
  <testcase name="fillAddressinfoPageTest" time="6.414" classname="com.ghana.app.qa.testcases.TravelInfoPageTest"/>
  <testcase name="pass_City_SecRef" time="0.239" classname="com.ghana.app.qa.testcases.TravelInfoPageTest"/>
  <testcase name="passPrimaryRefLastnameTest" time="0.329" classname="com.ghana.app.qa.testcases.TravelInfoPageTest"/>
  <testcase name="pass_firstName_SecRef" time="0.240" classname="com.ghana.app.qa.testcases.TravelInfoPageTest"/>
  <testcase name="pass_primary_ref_cityTest" time="0.308" classname="com.ghana.app.qa.testcases.TravelInfoPageTest"/>
  <testcase name="fillEmergencyPageTest" time="2.090" classname="com.ghana.app.qa.testcases.TravelInfoPageTest"/>
  <testcase name="pass_primary_ref_countryTest" time="0.210" classname="com.ghana.app.qa.testcases.TravelInfoPageTest"/>
  <testcase name="pass_primary_ref_phone_numberTest" time="0.213" classname="com.ghana.app.qa.testcases.TravelInfoPageTest"/>
  <testcase name="signUpAndFillSignUpPage" time="53.501" classname="com.ghana.app.qa.testcases.TravelInfoPageTest"/>
  <testcase name="pass_Primary_ref_addressTest" time="0.407" classname="com.ghana.app.qa.testcases.TravelInfoPageTest"/>
  <testcase name="pass_State_SecRef" time="0.164" classname="com.ghana.app.qa.testcases.TravelInfoPageTest"/>
  <testcase name="verifyCheckBoxTest" time="15.747" classname="com.ghana.app.qa.testcases.TravelInfoPageTest"/>
  <testcase name="pass_Country_SecRef" time="0.212" classname="com.ghana.app.qa.testcases.TravelInfoPageTest"/>
  <testcase name="passDateOfDepartureTest" time="5.487" classname="com.ghana.app.qa.testcases.TravelInfoPageTest"/>
  <testcase name="pass_LastName_SecRef" time="0.264" classname="com.ghana.app.qa.testcases.TravelInfoPageTest"/>
  <testcase name="pass_primary_ref_stateTest" time="0.419" classname="com.ghana.app.qa.testcases.TravelInfoPageTest"/>
  <testcase name="clickPurpose_of_journeyTest" time="5.578" classname="com.ghana.app.qa.testcases.TravelInfoPageTest"/>
  <testcase name="passPrimaryRefFirstnameTest" time="0.209" classname="com.ghana.app.qa.testcases.TravelInfoPageTest"/>
  <testcase name="pass_secondary_ref_phone_number" time="0.224" classname="com.ghana.app.qa.testcases.TravelInfoPageTest"/>
  <testcase name="fillPersonalPageTest" time="2.627" classname="com.ghana.app.qa.testcases.TravelInfoPageTest"/>
  <testcase name="pass_Address_SecRef" time="0.434" classname="com.ghana.app.qa.testcases.TravelInfoPageTest"/>
  <testcase name="clickOnTravelByTest" time="0.642" classname="com.ghana.app.qa.testcases.TravelInfoPageTest"/>
  <testcase name="pass_Pincode_SecRef" time="0.192" classname="com.ghana.app.qa.testcases.TravelInfoPageTest"/>
  <testcase name="pass_primary_ref_pincodeTest" time="0.273" classname="com.ghana.app.qa.testcases.TravelInfoPageTest"/>
  <testcase name="clickOnIsApplicantPossessionRoundTicketTest" time="0.427" classname="com.ghana.app.qa.testcases.TravelInfoPageTest"/>
  <testcase name="ContinueAndSaveEmergTest" time="4.832" classname="com.ghana.app.qa.testcases.TravelInfoPageTest"/>
</testsuite> <!-- com.ghana.app.qa.testcases.TravelInfoPageTest -->
