<?xml version="1.0" encoding="UTF-8"?>
<!-- Generated by org.testng.reporters.JUnitReportReporter -->
<testsuite hostname="Torenzo" name="com.ghana.app.qa.testcases.HomePageTest" tests="2" failures="0" timestamp="25 Jun 2019 06:19:06 GMT" time="1.120" errors="0">
  <testcase name="verifyHomePageTitleTest" time="0.300" classname="com.ghana.app.qa.testcases.HomePageTest"/>
  <testcase name="verifyVisaCategoriesTest" time="0.820" classname="com.ghana.app.qa.testcases.HomePageTest"/>
</testsuite> <!-- com.ghana.app.qa.testcases.HomePageTest -->
