<?xml version="1.0" encoding="UTF-8"?>
<!-- Generated by org.testng.reporters.JUnitReportReporter -->
<testsuite skipped="0" hostname="DESKTOP-A3DICO7" name="com.ghana.app.qa.testcases.VisaCategoriesPageTest" tests="3" failures="0" timestamp="26 Apr 2019 12:11:37 GMT" time="10.025" errors="0">
  <testcase name="validateVisaPageTiltleTest" time="2.293" classname="com.ghana.app.qa.testcases.VisaCategoriesPageTest"/>
  <testcase name="getVisaCategoriesText" time="0.149" classname="com.ghana.app.qa.testcases.VisaCategoriesPageTest"/>
  <testcase name="clickOnVisaTypeTest" time="7.583" classname="com.ghana.app.qa.testcases.VisaCategoriesPageTest"/>
</testsuite> <!-- com.ghana.app.qa.testcases.VisaCategoriesPageTest -->
