<?xml version="1.0" encoding="UTF-8"?>
<!-- Generated by org.testng.reporters.JUnitReportReporter -->
<testsuite hostname="Torenzo" name="com.ghana.app.qa.testcases.ConsulatePageApproveTest" tests="32" failures="0" timestamp="26 Jul 2019 08:02:01 GMT" time="300.458" errors="0">
  <testcase name="clickOnBackButtonAndVerifyTitleTravelInformationCN" time="4.086" classname="com.ghana.app.qa.testcases.ConsulatePageApproveTest"/>
  <testcase name="documentPageAndPaymentPageTest" time="27.724" classname="com.ghana.app.qa.testcases.ConsulatePageApproveTest"/>
  <testcase name="clickOnNextButtonAndVerifyTitleTravelInformationCN" time="1.106" classname="com.ghana.app.qa.testcases.ConsulatePageApproveTest"/>
  <testcase name="fillTravelInfoPageTest" time="3.807" classname="com.ghana.app.qa.testcases.ConsulatePageApproveTest"/>
  <testcase name="fillPersonalPageTest" time="2.480" classname="com.ghana.app.qa.testcases.ConsulatePageApproveTest"/>
  <testcase name="verifyTitleOfConsulateTitle" time="0.203" classname="com.ghana.app.qa.testcases.ConsulatePageApproveTest"/>
  <testcase name="verifyApplicationSentOpens" time="11.178" classname="com.ghana.app.qa.testcases.ConsulatePageApproveTest"/>
  <testcase name="verifyCanceAndCrossButton" time="22.752" classname="com.ghana.app.qa.testcases.ConsulatePageApproveTest"/>
  <testcase name="clickOnApproveAndVerifyPopText1CN" time="6.201" classname="com.ghana.app.qa.testcases.ConsulatePageApproveTest"/>
  <testcase name="selectAllCheckBoxAndVerifyCN" time="4.713" classname="com.ghana.app.qa.testcases.ConsulatePageApproveTest"/>
  <testcase name="getTextFromTravelInformationCN" time="2.008" classname="com.ghana.app.qa.testcases.ConsulatePageApproveTest"/>
  <testcase name="clickOnNextButtonAndVerifyTitleAddressInformationCN" time="1.750" classname="com.ghana.app.qa.testcases.ConsulatePageApproveTest"/>
  <testcase name="selectOneByOneCheckBoxAndVerifyCN" time="2.253" classname="com.ghana.app.qa.testcases.ConsulatePageApproveTest"/>
  <testcase name="clickOnApproveCN" time="9.754" classname="com.ghana.app.qa.testcases.ConsulatePageApproveTest"/>
  <testcase name="getTextFromAddressInformationCN" time="4.238" classname="com.ghana.app.qa.testcases.ConsulatePageApproveTest"/>
  <testcase name="clickOnNextButtonAndVerifyTitleDocumentVerificationCN" time="0.886" classname="com.ghana.app.qa.testcases.ConsulatePageApproveTest"/>
  <testcase name="passCommentCN" time="1.821" classname="com.ghana.app.qa.testcases.ConsulatePageApproveTest"/>
  <testcase name="verfiyTitleOfCNDocumentVerificatonPageCN" time="1.612" classname="com.ghana.app.qa.testcases.ConsulatePageApproveTest"/>
  <testcase name="verfiyTitleOfCNTravelInfoPageCN" time="0.960" classname="com.ghana.app.qa.testcases.ConsulatePageApproveTest"/>
  <testcase name="fillEmergencyPageTest" time="2.328" classname="com.ghana.app.qa.testcases.ConsulatePageApproveTest"/>
  <testcase name="signUpAndFillSignUpPage" time="42.782" classname="com.ghana.app.qa.testcases.ConsulatePageApproveTest"/>
  <testcase name="clickOnBackButtonAndVerifyTitleApplicantInformationCN" time="3.945" classname="com.ghana.app.qa.testcases.ConsulatePageApproveTest"/>
  <testcase name="clickOnNewApplicationCN" time="63.796" classname="com.ghana.app.qa.testcases.ConsulatePageApproveTest"/>
  <testcase name="clickOnApproveAndVerifyPopTextCN" time="3.000" classname="com.ghana.app.qa.testcases.ConsulatePageApproveTest"/>
  <testcase name="loginIntoConsulate" time="23.363" classname="com.ghana.app.qa.testcases.ConsulatePageApproveTest"/>
  <testcase name="clickOnInterviewScheduleAndCloseCN" time="9.355" classname="com.ghana.app.qa.testcases.ConsulatePageApproveTest"/>
  <testcase name="clickOnInterviewScheduleAndcancelCN" time="9.575" classname="com.ghana.app.qa.testcases.ConsulatePageApproveTest"/>
  <testcase name="verifyApplicaInHCGApplicationBucket" time="17.385" classname="com.ghana.app.qa.testcases.ConsulatePageApproveTest"/>
  <testcase name="getTextFromApplicantInformationCN" time="4.060" classname="com.ghana.app.qa.testcases.ConsulatePageApproveTest"/>
  <testcase name="clickOnAddressInforCN" time="0.947" classname="com.ghana.app.qa.testcases.ConsulatePageApproveTest"/>
  <testcase name="fillAddressinfoPageTest" time="6.494" classname="com.ghana.app.qa.testcases.ConsulatePageApproveTest"/>
  <testcase name="clickOnBackButtonAndVerifyTitleAddressInformationCN" time="3.896" classname="com.ghana.app.qa.testcases.ConsulatePageApproveTest"/>
</testsuite> <!-- com.ghana.app.qa.testcases.ConsulatePageApproveTest -->
