<?xml version="1.0" encoding="UTF-8"?>
<!-- Generated by org.testng.reporters.JUnitReportReporter -->
<testsuite hostname="Torenzo" name="com.ghana.app.qa.testcases.ConsulatePageApproveTest" tests="32" failures="0" timestamp="24 Jul 2019 07:18:38 GMT" time="221.137" errors="0">
  <testcase name="verfiyTitleOfCNDocumentVerificatonPageCN" time="0.943" classname="com.ghana.app.qa.testcases.ConsulatePageApproveTest"/>
  <testcase name="clickOnApproveAndVerifyPopTextCN" time="3.131" classname="com.ghana.app.qa.testcases.ConsulatePageApproveTest"/>
  <testcase name="clickOnNewApplicationCN" time="21.059" classname="com.ghana.app.qa.testcases.ConsulatePageApproveTest"/>
  <testcase name="getTextFromTravelInformationCN" time="2.460" classname="com.ghana.app.qa.testcases.ConsulatePageApproveTest"/>
  <testcase name="clickOnBackButtonAndVerifyTitleAddressInformationCN" time="3.777" classname="com.ghana.app.qa.testcases.ConsulatePageApproveTest"/>
  <testcase name="verifyApplicaInHCGApplicationBucket" time="17.419" classname="com.ghana.app.qa.testcases.ConsulatePageApproveTest"/>
  <testcase name="verfiyTitleOfCNTravelInfoPageCN" time="0.915" classname="com.ghana.app.qa.testcases.ConsulatePageApproveTest"/>
  <testcase name="clickOnNextButtonAndVerifyTitleAddressInformationCN" time="0.891" classname="com.ghana.app.qa.testcases.ConsulatePageApproveTest"/>
  <testcase name="verifyApplicationSentOpens" time="9.657" classname="com.ghana.app.qa.testcases.ConsulatePageApproveTest"/>
  <testcase name="fillEmergencyPageTest" time="2.580" classname="com.ghana.app.qa.testcases.ConsulatePageApproveTest"/>
  <testcase name="getTextFromAddressInformationCN" time="4.330" classname="com.ghana.app.qa.testcases.ConsulatePageApproveTest"/>
  <testcase name="selectAllCheckBoxAndVerifyCN" time="4.986" classname="com.ghana.app.qa.testcases.ConsulatePageApproveTest"/>
  <testcase name="fillAddressinfoPageTest" time="6.395" classname="com.ghana.app.qa.testcases.ConsulatePageApproveTest"/>
  <testcase name="passCommentCN" time="1.935" classname="com.ghana.app.qa.testcases.ConsulatePageApproveTest"/>
  <testcase name="selectOneByOneCheckBoxAndVerifyCN" time="2.631" classname="com.ghana.app.qa.testcases.ConsulatePageApproveTest"/>
  <testcase name="clickOnApproveAndVerifyPopText1CN" time="6.225" classname="com.ghana.app.qa.testcases.ConsulatePageApproveTest"/>
  <testcase name="verifyCanceAndCrossButton" time="22.810" classname="com.ghana.app.qa.testcases.ConsulatePageApproveTest"/>
  <testcase name="clickOnNextButtonAndVerifyTitleDocumentVerificationCN" time="1.020" classname="com.ghana.app.qa.testcases.ConsulatePageApproveTest"/>
  <testcase name="clickOnNextButtonAndVerifyTitleTravelInformationCN" time="0.919" classname="com.ghana.app.qa.testcases.ConsulatePageApproveTest"/>
  <testcase name="clickOnInterviewScheduleAndCloseCN" time="9.515" classname="com.ghana.app.qa.testcases.ConsulatePageApproveTest"/>
  <testcase name="loginIntoConsulate" time="13.359" classname="com.ghana.app.qa.testcases.ConsulatePageApproveTest"/>
  <testcase name="documentPageAndPaymentPageTest" time="17.022" classname="com.ghana.app.qa.testcases.ConsulatePageApproveTest"/>
  <testcase name="signUpAndFillSignUpPage" time="28.491" classname="com.ghana.app.qa.testcases.ConsulatePageApproveTest"/>
  <testcase name="clickOnBackButtonAndVerifyTitleApplicantInformationCN" time="3.875" classname="com.ghana.app.qa.testcases.ConsulatePageApproveTest"/>
  <testcase name="getTextFromApplicantInformationCN" time="4.066" classname="com.ghana.app.qa.testcases.ConsulatePageApproveTest"/>
  <testcase name="verifyTitleOfConsulateTitle" time="0.116" classname="com.ghana.app.qa.testcases.ConsulatePageApproveTest"/>
  <testcase name="fillTravelInfoPageTest" time="5.096" classname="com.ghana.app.qa.testcases.ConsulatePageApproveTest"/>
  <testcase name="clickOnBackButtonAndVerifyTitleTravelInformationCN" time="4.202" classname="com.ghana.app.qa.testcases.ConsulatePageApproveTest"/>
  <testcase name="clickOnApproveCN" time="8.074" classname="com.ghana.app.qa.testcases.ConsulatePageApproveTest"/>
  <testcase name="fillPersonalPageTest" time="2.247" classname="com.ghana.app.qa.testcases.ConsulatePageApproveTest"/>
  <testcase name="clickOnInterviewScheduleAndcancelCN" time="9.859" classname="com.ghana.app.qa.testcases.ConsulatePageApproveTest"/>
  <testcase name="clickOnAddressInforCN" time="1.132" classname="com.ghana.app.qa.testcases.ConsulatePageApproveTest"/>
</testsuite> <!-- com.ghana.app.qa.testcases.ConsulatePageApproveTest -->
