<?xml version="1.0" encoding="UTF-8"?>
<!-- Generated by org.testng.reporters.JUnitReportReporter -->
<testsuite hostname="Torenzo" name="com.ghana.app.qa.testcases.ConsulatePageRejectTest" tests="27" failures="0" timestamp="26 Jul 2019 08:26:43 GMT" time="265.005" errors="0">
  <testcase name="fillTravelInfoPageTest" time="3.783" classname="com.ghana.app.qa.testcases.ConsulatePageRejectTest"/>
  <testcase name="fillPersonalPageTest" time="2.526" classname="com.ghana.app.qa.testcases.ConsulatePageRejectTest"/>
  <testcase name="clickOnOnPhotoCloseCN" time="3.501" classname="com.ghana.app.qa.testcases.ConsulatePageRejectTest"/>
  <testcase name="verifyApplicationSentToRejectBucketOpens" time="4.288" classname="com.ghana.app.qa.testcases.ConsulatePageRejectTest"/>
  <testcase name="verifyApplicaInRejectApplicationBucket" time="20.381" classname="com.ghana.app.qa.testcases.ConsulatePageRejectTest"/>
  <testcase name="clickOnRejectAndVerifyPopText2CN" time="6.190" classname="com.ghana.app.qa.testcases.ConsulatePageRejectTest"/>
  <testcase name="clickOnProofOfTransitVisaCloseCN" time="3.313" classname="com.ghana.app.qa.testcases.ConsulatePageRejectTest"/>
  <testcase name="clickOnConfirmedAirTicketWindowCN" time="11.362" classname="com.ghana.app.qa.testcases.ConsulatePageRejectTest"/>
  <testcase name="clickOnYellowFevervaccinationCN" time="7.814" classname="com.ghana.app.qa.testcases.ConsulatePageRejectTest"/>
  <testcase name="clickOnRejectAndVerifyPopText1CN" time="6.916" classname="com.ghana.app.qa.testcases.ConsulatePageRejectTest"/>
  <testcase name="fillEmergencyPageTest" time="2.360" classname="com.ghana.app.qa.testcases.ConsulatePageRejectTest"/>
  <testcase name="verfiyTitleOfCNDocumentVerificatonPageCN" time="29.548" classname="com.ghana.app.qa.testcases.ConsulatePageRejectTest"/>
  <testcase name="signUpAndFillSignUpPage" time="34.383" classname="com.ghana.app.qa.testcases.ConsulatePageRejectTest"/>
  <testcase name="clickOnConfirmedAirTicketWindowCloseCN" time="6.953" classname="com.ghana.app.qa.testcases.ConsulatePageRejectTest"/>
  <testcase name="verifyCanceAndCrossButton" time="22.521" classname="com.ghana.app.qa.testcases.ConsulatePageRejectTest"/>
  <testcase name="verifyTitleOfConsulateTitle" time="0.217" classname="com.ghana.app.qa.testcases.ConsulatePageRejectTest"/>
  <testcase name="clickOnCoveringLetterCloseCN" time="3.318" classname="com.ghana.app.qa.testcases.ConsulatePageRejectTest"/>
  <testcase name="clickOnCoveringLetterCN" time="7.849" classname="com.ghana.app.qa.testcases.ConsulatePageRejectTest"/>
  <testcase name="clickOnIdProofReferenceCloseCN" time="5.085" classname="com.ghana.app.qa.testcases.ConsulatePageRejectTest"/>
  <testcase name="clickOnRejectAndVerifyPopTextCN" time="4.105" classname="com.ghana.app.qa.testcases.ConsulatePageRejectTest"/>
  <testcase name="loginIntoConsulate" time="24.027" classname="com.ghana.app.qa.testcases.ConsulatePageRejectTest"/>
  <testcase name="clickOnOnPhotoCN" time="7.816" classname="com.ghana.app.qa.testcases.ConsulatePageRejectTest"/>
  <testcase name="clickOnIdProofReferenceCN" time="9.799" classname="com.ghana.app.qa.testcases.ConsulatePageRejectTest"/>
  <testcase name="fillAddressinfoPageTest" time="5.852" classname="com.ghana.app.qa.testcases.ConsulatePageRejectTest"/>
  <testcase name="clickOnYellowFevervaccinationCloseCN" time="3.317" classname="com.ghana.app.qa.testcases.ConsulatePageRejectTest"/>
  <testcase name="documentPageAndPaymentPageTest" time="19.945" classname="com.ghana.app.qa.testcases.ConsulatePageRejectTest"/>
  <testcase name="clickOnProofOfTransitVisaCN" time="7.836" classname="com.ghana.app.qa.testcases.ConsulatePageRejectTest"/>
</testsuite> <!-- com.ghana.app.qa.testcases.ConsulatePageRejectTest -->
