<?xml version="1.0" encoding="UTF-8"?>
<!-- Generated by org.testng.reporters.JUnitReportReporter -->
<testsuite hostname="namet5" name="com.ghana.app.qa.testcases.AddressInfoPageTest" tests="7" failures="0" timestamp="10 Jul 2019 08:04:24 GMT" time="45.560" errors="0">
  <testcase name="filladdressInfoTest3" time="0.690" classname="com.ghana.app.qa.testcases.AddressInfoPageTest"/>
  <testcase name="signUpAndFillPersonalInfo" time="32.402" classname="com.ghana.app.qa.testcases.AddressInfoPageTest"/>
  <testcase name="filladdressInfoTest1" time="0.903" classname="com.ghana.app.qa.testcases.AddressInfoPageTest"/>
  <testcase name="selectFormerNationalityTest" time="6.296" classname="com.ghana.app.qa.testcases.AddressInfoPageTest"/>
  <testcase name="SaveAndContinueFromPersonalInfoTest" time="4.402" classname="com.ghana.app.qa.testcases.AddressInfoPageTest"/>
  <testcase name="selectAddressType" time="0.328" classname="com.ghana.app.qa.testcases.AddressInfoPageTest"/>
  <testcase name="filladdressInfoTest2" time="0.539" classname="com.ghana.app.qa.testcases.AddressInfoPageTest"/>
</testsuite> <!-- com.ghana.app.qa.testcases.AddressInfoPageTest -->
