<?xml version="1.0" encoding="UTF-8"?>
<!-- Generated by org.testng.reporters.JUnitReportReporter -->
<testsuite hostname="namet5" name="com.ghana.app.qa.testcases.EmergencyContactPageTest" tests="9" failures="0" timestamp="5 Jul 2019 09:17:05 GMT" time="37.555" errors="0">
  <testcase name="emergencyProfessionDetailsTest3" time="0.379" classname="com.ghana.app.qa.testcases.EmergencyContactPageTest"/>
  <testcase name="emergencyProfessionDetailsTest1" time="0.927" classname="com.ghana.app.qa.testcases.EmergencyContactPageTest"/>
  <testcase name="selectRelationTest" time="1.009" classname="com.ghana.app.qa.testcases.EmergencyContactPageTest"/>
  <testcase name="emergencyProfessionDetailsTest2" time="0.707" classname="com.ghana.app.qa.testcases.EmergencyContactPageTest"/>
  <testcase name="fillPersonalPageTest" time="2.960" classname="com.ghana.app.qa.testcases.EmergencyContactPageTest"/>
  <testcase name="emergencyContactDetailsTest" time="0.956" classname="com.ghana.app.qa.testcases.EmergencyContactPageTest"/>
  <testcase name="signUpAndFillSignUpPage" time="26.754" classname="com.ghana.app.qa.testcases.EmergencyContactPageTest"/>
  <testcase name="fillAddressinfoPageTest" time="2.952" classname="com.ghana.app.qa.testcases.EmergencyContactPageTest"/>
  <testcase name="SaveAndContinueAddressInfoTest" time="0.911" classname="com.ghana.app.qa.testcases.EmergencyContactPageTest"/>
</testsuite> <!-- com.ghana.app.qa.testcases.EmergencyContactPageTest -->
