<?xml version="1.0" encoding="UTF-8"?>
<!-- Generated by org.testng.reporters.JUnitReportReporter -->
<testsuite skipped="0" hostname="Torenzo" name="com.ghana.app.qa.testcases.HomePageTest" tests="2" failures="0" timestamp="6 Jun 2019 07:16:57 GMT" time="1.792" errors="0">
  <testcase name="verifyHomePageTitleTest" time="1.155" classname="com.ghana.app.qa.testcases.HomePageTest"/>
  <testcase name="verifyVisaCategoriesTest" time="0.637" classname="com.ghana.app.qa.testcases.HomePageTest"/>
</testsuite> <!-- com.ghana.app.qa.testcases.HomePageTest -->
