<?xml version="1.0" encoding="UTF-8"?>
<!-- Generated by org.testng.reporters.JUnitReportReporter -->
<testsuite hostname="namet5" name="com.ghana.app.qa.testcases.VisaCategoriesPageTest" tests="3" failures="0" timestamp="24 Jun 2019 10:50:25 GMT" time="88.306" errors="0">
  <testcase name="clickOnVisaTypeTest" time="85.212" classname="com.ghana.app.qa.testcases.VisaCategoriesPageTest"/>
  <testcase name="getVisaCategoriesText" time="0.291" classname="com.ghana.app.qa.testcases.VisaCategoriesPageTest"/>
  <testcase name="validateVisaPageTiltleTest" time="2.803" classname="com.ghana.app.qa.testcases.VisaCategoriesPageTest"/>
</testsuite> <!-- com.ghana.app.qa.testcases.VisaCategoriesPageTest -->
