<?xml version="1.0" encoding="UTF-8"?>
<!-- Generated by org.testng.reporters.JUnitReportReporter -->
<testsuite skipped="0" hostname="RahulKaelsMini2" name="com.ghana.app.qa.testcases.AddressInfoPageTest" tests="4" failures="0" timestamp="15 May 2019 07:23:40 GMT" time="36.378" errors="0">
  <testcase name="signUpAndFillPersonalInfo" time="29.815" classname="com.ghana.app.qa.testcases.AddressInfoPageTest"/>
  <testcase name="SaveAndContinueFromPersonalInfoTest" time="4.568" classname="com.ghana.app.qa.testcases.AddressInfoPageTest"/>
  <testcase name="selectFormerNationalityTest" time="0.188" classname="com.ghana.app.qa.testcases.AddressInfoPageTest"/>
  <testcase name="filladdressInfoTest" time="1.807" classname="com.ghana.app.qa.testcases.AddressInfoPageTest"/>
</testsuite> <!-- com.ghana.app.qa.testcases.AddressInfoPageTest -->
