<?xml version="1.0" encoding="UTF-8"?>
<!-- Generated by org.testng.reporters.JUnitReportReporter -->
<testsuite skipped="0" hostname="RahulKaelsMini2" name="com.ghana.app.qa.testcases.HomePageTest" tests="2" failures="0" timestamp="15 May 2019 07:18:45 GMT" time="1.435" errors="0">
  <testcase name="verifyHomePageTitleTest" time="0.028" classname="com.ghana.app.qa.testcases.HomePageTest"/>
  <testcase name="verifyVisaCategoriesTest" time="1.407" classname="com.ghana.app.qa.testcases.HomePageTest"/>
</testsuite> <!-- com.ghana.app.qa.testcases.HomePageTest -->
