<?xml version="1.0" encoding="UTF-8"?>
<!-- Generated by org.testng.reporters.JUnitReportReporter -->
<testsuite skipped="0" hostname="DESKTOP-A3DICO7" name="com.ghana.app.qa.testcases.UploadDocPageTest" tests="2" failures="0" timestamp="26 Apr 2019 12:11:37 GMT" time="45.136" errors="0">
  <testcase name="signUpAndFillTravelInfo" time="44.533" classname="com.ghana.app.qa.testcases.UploadDocPageTest"/>
  <testcase name="getUploadDocTest" time="0.603" classname="com.ghana.app.qa.testcases.UploadDocPageTest"/>
</testsuite> <!-- com.ghana.app.qa.testcases.UploadDocPageTest -->
