<?xml version="1.0" encoding="UTF-8"?>
<!-- Generated by org.testng.reporters.JUnitReportReporter -->
<testsuite hostname="Torenzo" name="com.ghana.app.qa.testcases.ConsulatePageApproveTest" tests="32" failures="0" timestamp="24 Jul 2019 06:35:30 GMT" time="225.525" errors="0">
  <testcase name="clickOnApproveAndVerifyPopTextCN" time="3.340" classname="com.ghana.app.qa.testcases.ConsulatePageApproveTest"/>
  <testcase name="selectOneByOneCheckBoxAndVerifyCN" time="2.707" classname="com.ghana.app.qa.testcases.ConsulatePageApproveTest"/>
  <testcase name="clickOnNextButtonAndVerifyTitleAddressInformationCN" time="0.906" classname="com.ghana.app.qa.testcases.ConsulatePageApproveTest"/>
  <testcase name="verfiyTitleOfCNDocumentVerificatonPageCN" time="1.849" classname="com.ghana.app.qa.testcases.ConsulatePageApproveTest"/>
  <testcase name="selectAllCheckBoxAndVerifyCN" time="5.065" classname="com.ghana.app.qa.testcases.ConsulatePageApproveTest"/>
  <testcase name="clickOnAddressInforCN" time="1.365" classname="com.ghana.app.qa.testcases.ConsulatePageApproveTest"/>
  <testcase name="getTextFromAddressInformationCN" time="5.148" classname="com.ghana.app.qa.testcases.ConsulatePageApproveTest"/>
  <testcase name="fillEmergencyPageTest" time="3.513" classname="com.ghana.app.qa.testcases.ConsulatePageApproveTest"/>
  <testcase name="clickOnInterviewScheduleAndCloseCN" time="9.444" classname="com.ghana.app.qa.testcases.ConsulatePageApproveTest"/>
  <testcase name="clickOnNextButtonAndVerifyTitleDocumentVerificationCN" time="0.896" classname="com.ghana.app.qa.testcases.ConsulatePageApproveTest"/>
  <testcase name="clickOnApproveAndVerifyPopText1CN" time="6.235" classname="com.ghana.app.qa.testcases.ConsulatePageApproveTest"/>
  <testcase name="clickOnBackButtonAndVerifyTitleApplicantInformationCN" time="3.913" classname="com.ghana.app.qa.testcases.ConsulatePageApproveTest"/>
  <testcase name="fillAddressinfoPageTest" time="8.633" classname="com.ghana.app.qa.testcases.ConsulatePageApproveTest"/>
  <testcase name="getTextFromApplicantInformationCN" time="4.248" classname="com.ghana.app.qa.testcases.ConsulatePageApproveTest"/>
  <testcase name="clickOnNextButtonAndVerifyTitleTravelInformationCN" time="0.846" classname="com.ghana.app.qa.testcases.ConsulatePageApproveTest"/>
  <testcase name="verifyApplicaInHCGApplicationBucket" time="17.390" classname="com.ghana.app.qa.testcases.ConsulatePageApproveTest"/>
  <testcase name="clickOnBackButtonAndVerifyTitleTravelInformationCN" time="3.908" classname="com.ghana.app.qa.testcases.ConsulatePageApproveTest"/>
  <testcase name="verfiyTitleOfCNTravelInfoPageCN" time="2.397" classname="com.ghana.app.qa.testcases.ConsulatePageApproveTest"/>
  <testcase name="clickOnNewApplicationCN" time="20.940" classname="com.ghana.app.qa.testcases.ConsulatePageApproveTest"/>
  <testcase name="clickOnApproveCN" time="8.169" classname="com.ghana.app.qa.testcases.ConsulatePageApproveTest"/>
  <testcase name="signUpAndFillSignUpPage" time="29.821" classname="com.ghana.app.qa.testcases.ConsulatePageApproveTest"/>
  <testcase name="documentPageAndPaymentPageTest" time="17.433" classname="com.ghana.app.qa.testcases.ConsulatePageApproveTest"/>
  <testcase name="getTextFromTravelInformationCN" time="3.020" classname="com.ghana.app.qa.testcases.ConsulatePageApproveTest"/>
  <testcase name="clickOnInterviewScheduleAndcancelCN" time="9.853" classname="com.ghana.app.qa.testcases.ConsulatePageApproveTest"/>
  <testcase name="clickOnBackButtonAndVerifyTitleAddressInformationCN" time="4.301" classname="com.ghana.app.qa.testcases.ConsulatePageApproveTest"/>
  <testcase name="passCommentCN" time="1.436" classname="com.ghana.app.qa.testcases.ConsulatePageApproveTest"/>
  <testcase name="fillTravelInfoPageTest" time="7.545" classname="com.ghana.app.qa.testcases.ConsulatePageApproveTest"/>
  <testcase name="verifyCanceAndCrossButton" time="22.839" classname="com.ghana.app.qa.testcases.ConsulatePageApproveTest"/>
  <testcase name="loginIntoConsulate" time="5.531" classname="com.ghana.app.qa.testcases.ConsulatePageApproveTest"/>
  <testcase name="verifyTitleOfConsulateTitle" time="0.182" classname="com.ghana.app.qa.testcases.ConsulatePageApproveTest"/>
  <testcase name="fillPersonalPageTest" time="2.776" classname="com.ghana.app.qa.testcases.ConsulatePageApproveTest"/>
  <testcase name="verifyApplicationSentOpens" time="9.876" classname="com.ghana.app.qa.testcases.ConsulatePageApproveTest"/>
</testsuite> <!-- com.ghana.app.qa.testcases.ConsulatePageApproveTest -->
