<?xml version="1.0" encoding="UTF-8"?>
<!-- Generated by org.testng.reporters.JUnitReportReporter -->
<testsuite hostname="namet5" name="com.ghana.app.qa.testcases.SignUpPageTest" tests="11" failures="0" timestamp="10 Jul 2019 08:04:24 GMT" time="31.010" errors="0">
  <testcase name="selectVisaType" time="9.677" classname="com.ghana.app.qa.testcases.SignUpPageTest"/>
  <testcase name="enterCaptchaFieldTest" time="1.614" classname="com.ghana.app.qa.testcases.SignUpPageTest"/>
  <testcase name="passReEmailIdTest" time="0.371" classname="com.ghana.app.qa.testcases.SignUpPageTest"/>
  <testcase name="selectNationalityTest" time="7.467" classname="com.ghana.app.qa.testcases.SignUpPageTest"/>
  <testcase name="launchAndGotoSignUP" time="1.061" classname="com.ghana.app.qa.testcases.SignUpPageTest"/>
  <testcase name="selectPassportTypeTest" time="0.720" classname="com.ghana.app.qa.testcases.SignUpPageTest"/>
  <testcase name="selectVisaLocation" time="2.476" classname="com.ghana.app.qa.testcases.SignUpPageTest"/>
  <testcase name="passEmailIdTest" time="0.350" classname="com.ghana.app.qa.testcases.SignUpPageTest"/>
  <testcase name="selectPortOfArrivalTest" time="2.465" classname="com.ghana.app.qa.testcases.SignUpPageTest"/>
  <testcase name="passPhoneNoTest" time="1.384" classname="com.ghana.app.qa.testcases.SignUpPageTest"/>
  <testcase name="selectDateOfBirthTest" time="3.425" classname="com.ghana.app.qa.testcases.SignUpPageTest"/>
</testsuite> <!-- com.ghana.app.qa.testcases.SignUpPageTest -->
