<?xml version="1.0" encoding="UTF-8"?>
<!-- Generated by org.testng.reporters.JUnitReportReporter -->
<testsuite skipped="0" hostname="RahulKaelsMini2" name="com.ghana.app.qa.testcases.TravelInfoPageTest" tests="17" failures="0" timestamp="15 May 2019 07:26:28 GMT" time="36.036" errors="0">
  <testcase name="signUpAndFillEmergInfo" time="27.055" classname="com.ghana.app.qa.testcases.TravelInfoPageTest"/>
  <testcase name="ContinueAndSaveEmergTest" time="4.703" classname="com.ghana.app.qa.testcases.TravelInfoPageTest"/>
  <testcase name="clickOnIsApplicantPossessionRoundTicketTest" time="0.117" classname="com.ghana.app.qa.testcases.TravelInfoPageTest"/>
  <testcase name="passDateOfDepartureTest" time="0.392" classname="com.ghana.app.qa.testcases.TravelInfoPageTest"/>
  <testcase name="passTicketNumberTest" time="0.175" classname="com.ghana.app.qa.testcases.TravelInfoPageTest"/>
  <testcase name="clickOnTravelByTest" time="0.141" classname="com.ghana.app.qa.testcases.TravelInfoPageTest"/>
  <testcase name="clickPurpose_of_journeyTest" time="0.165" classname="com.ghana.app.qa.testcases.TravelInfoPageTest"/>
  <testcase name="passPrimaryRefFirstnameTest" time="0.109" classname="com.ghana.app.qa.testcases.TravelInfoPageTest"/>
  <testcase name="passPrimaryRefLastnameTest" time="0.157" classname="com.ghana.app.qa.testcases.TravelInfoPageTest"/>
  <testcase name="pass_Primary_ref_addressTest" time="0.344" classname="com.ghana.app.qa.testcases.TravelInfoPageTest"/>
  <testcase name="pass_primary_ref_pincodeTest" time="0.128" classname="com.ghana.app.qa.testcases.TravelInfoPageTest"/>
  <testcase name="pass_primary_ref_cityTest" time="0.235" classname="com.ghana.app.qa.testcases.TravelInfoPageTest"/>
  <testcase name="pass_primary_ref_stateTest" time="0.212" classname="com.ghana.app.qa.testcases.TravelInfoPageTest"/>
  <testcase name="pass_primary_ref_countryTest" time="0.119" classname="com.ghana.app.qa.testcases.TravelInfoPageTest"/>
  <testcase name="pass_primary_ref_phone_numberTest" time="0.168" classname="com.ghana.app.qa.testcases.TravelInfoPageTest"/>
  <testcase name="PassSecondaryRefDetailsTest" time="1.379" classname="com.ghana.app.qa.testcases.TravelInfoPageTest"/>
  <testcase name="verifyCheckBoxTest" time="0.437" classname="com.ghana.app.qa.testcases.TravelInfoPageTest"/>
</testsuite> <!-- com.ghana.app.qa.testcases.TravelInfoPageTest -->
