<?xml version="1.0" encoding="UTF-8"?>
<!-- Generated by org.testng.reporters.JUnitReportReporter -->
<testsuite hostname="namet5" name="com.ghana.app.qa.testcases.SignUpPageTest" tests="12" failures="0" timestamp="28 Jun 2019 08:52:31 GMT" time="450.828" errors="0">
  <testcase name="passReEmailIdTest" time="125.797" classname="com.ghana.app.qa.testcases.SignUpPageTest"/>
  <testcase name="enterCaptchaFieldTest" time="32.182" classname="com.ghana.app.qa.testcases.SignUpPageTest"/>
  <testcase name="selectVisaLocation" time="4.052" classname="com.ghana.app.qa.testcases.SignUpPageTest"/>
  <testcase name="selectDateOfBirthTest" time="54.096" classname="com.ghana.app.qa.testcases.SignUpPageTest"/>
  <testcase name="selectPortOfArrivalTest" time="3.603" classname="com.ghana.app.qa.testcases.SignUpPageTest"/>
  <testcase name="selectPassportTypeTest" time="2.795" classname="com.ghana.app.qa.testcases.SignUpPageTest"/>
  <testcase name="passPhoneNoTest" time="51.866" classname="com.ghana.app.qa.testcases.SignUpPageTest"/>
  <testcase name="SignUpPageTest" time="2.001" classname="com.ghana.app.qa.testcases.SignUpPageTest"/>
  <testcase name="passEmailIdTest" time="125.760" classname="com.ghana.app.qa.testcases.SignUpPageTest"/>
  <testcase name="selectNationalityTest" time="23.458" classname="com.ghana.app.qa.testcases.SignUpPageTest"/>
  <testcase name="selectVisaType" time="11.295" classname="com.ghana.app.qa.testcases.SignUpPageTest"/>
  <testcase name="launchAndGotoSignUP" time="13.923" classname="com.ghana.app.qa.testcases.SignUpPageTest"/>
</testsuite> <!-- com.ghana.app.qa.testcases.SignUpPageTest -->
