<?xml version="1.0" encoding="UTF-8"?>
<!-- Generated by org.testng.reporters.JUnitReportReporter -->
<testsuite hostname="namet5" name="com.ghana.app.qa.testcases.HomePageTest" tests="2" failures="0" timestamp="24 Jun 2019 10:40:50 GMT" time="4.330" errors="0">
  <testcase name="verifyHomePageTitleTest" time="0.543" classname="com.ghana.app.qa.testcases.HomePageTest"/>
  <testcase name="verifyVisaCategoriesTest" time="3.787" classname="com.ghana.app.qa.testcases.HomePageTest"/>
</testsuite> <!-- com.ghana.app.qa.testcases.HomePageTest -->
