<?xml version="1.0" encoding="UTF-8"?>
<!-- Generated by org.testng.reporters.JUnitReportReporter -->
<testsuite skipped="0" hostname="namet5" name="com.ghana.app.qa.testcases.UploadDocPageTest" tests="7" failures="0" timestamp="19 Jun 2019 08:21:25 GMT" time="72.041" errors="0">
  <testcase name="fillPersonalPageTest" time="2.510" classname="com.ghana.app.qa.testcases.UploadDocPageTest"/>
  <testcase name="fillEmergencyPageTest" time="2.222" classname="com.ghana.app.qa.testcases.UploadDocPageTest"/>
  <testcase name="fillAddressinfoPageTest" time="6.067" classname="com.ghana.app.qa.testcases.UploadDocPageTest"/>
  <testcase name="verify_textOfUploadPage" time="0.655" classname="com.ghana.app.qa.testcases.UploadDocPageTest"/>
  <testcase name="getUploadDocTest" time="0.303" classname="com.ghana.app.qa.testcases.UploadDocPageTest"/>
  <testcase name="signUpAndFillSignUpPage" time="56.304" classname="com.ghana.app.qa.testcases.UploadDocPageTest"/>
  <testcase name="fillTravelInfoPageTest" time="3.980" classname="com.ghana.app.qa.testcases.UploadDocPageTest"/>
</testsuite> <!-- com.ghana.app.qa.testcases.UploadDocPageTest -->
