<?xml version="1.0" encoding="UTF-8"?>
<!-- Generated by org.testng.reporters.JUnitReportReporter -->
<testsuite hostname="namet5" name="com.ghana.app.qa.testcases.PersonalInfoPageTest" tests="12" failures="0" timestamp="10 Jul 2019 08:04:24 GMT" time="43.808" errors="0">
  <testcase name="passLastNameTest" time="0.245" classname="com.ghana.app.qa.testcases.PersonalInfoPageTest"/>
  <testcase name="passPassportNumberTest" time="0.231" classname="com.ghana.app.qa.testcases.PersonalInfoPageTest"/>
  <testcase name="getApplicationPageTitleTest" time="2.110" classname="com.ghana.app.qa.testcases.PersonalInfoPageTest"/>
  <testcase name="clickOnGenderTest" time="0.242" classname="com.ghana.app.qa.testcases.PersonalInfoPageTest"/>
  <testcase name="selectPassIssueDateTest" time="4.264" classname="com.ghana.app.qa.testcases.PersonalInfoPageTest"/>
  <testcase name="passPlaceOfBirthTest" time="0.240" classname="com.ghana.app.qa.testcases.PersonalInfoPageTest"/>
  <testcase name="getApplicationIdTest" time="0.124" classname="com.ghana.app.qa.testcases.PersonalInfoPageTest"/>
  <testcase name="verifyPersonalInfoTest" time="2.138" classname="com.ghana.app.qa.testcases.PersonalInfoPageTest"/>
  <testcase name="selectPassExpiryDateTest" time="4.266" classname="com.ghana.app.qa.testcases.PersonalInfoPageTest"/>
  <testcase name="fillSignUpFormTest" time="29.487" classname="com.ghana.app.qa.testcases.PersonalInfoPageTest"/>
  <testcase name="passMiddleNameTest" time="0.219" classname="com.ghana.app.qa.testcases.PersonalInfoPageTest"/>
  <testcase name="passFirstNameTest" time="0.242" classname="com.ghana.app.qa.testcases.PersonalInfoPageTest"/>
</testsuite> <!-- com.ghana.app.qa.testcases.PersonalInfoPageTest -->
