<?xml version="1.0" encoding="UTF-8"?>
<!-- Generated by org.testng.reporters.JUnitReportReporter -->
<testsuite hostname="namet5" name="com.ghana.app.qa.testcases.TravelInfoPageTest" tests="27" failures="0" timestamp="5 Jul 2019 11:20:23 GMT" time="52.495" errors="0">
  <testcase name="passDateOfDepartureTest" time="5.423" classname="com.ghana.app.qa.testcases.TravelInfoPageTest"/>
  <testcase name="passPrimaryRefLastnameTest" time="0.303" classname="com.ghana.app.qa.testcases.TravelInfoPageTest"/>
  <testcase name="fillEmergencyPageTest" time="1.533" classname="com.ghana.app.qa.testcases.TravelInfoPageTest"/>
  <testcase name="pass_Pincode_SecRef" time="0.213" classname="com.ghana.app.qa.testcases.TravelInfoPageTest"/>
  <testcase name="clickPurpose_of_journeyTest" time="0.734" classname="com.ghana.app.qa.testcases.TravelInfoPageTest"/>
  <testcase name="passPrimaryRefFirstnameTest" time="0.381" classname="com.ghana.app.qa.testcases.TravelInfoPageTest"/>
  <testcase name="pass_primary_ref_pincodeTest" time="0.260" classname="com.ghana.app.qa.testcases.TravelInfoPageTest"/>
  <testcase name="pass_primary_ref_phone_numberTest" time="0.205" classname="com.ghana.app.qa.testcases.TravelInfoPageTest"/>
  <testcase name="fillPersonalPageTest" time="1.995" classname="com.ghana.app.qa.testcases.TravelInfoPageTest"/>
  <testcase name="pass_LastName_SecRef" time="0.214" classname="com.ghana.app.qa.testcases.TravelInfoPageTest"/>
  <testcase name="clickOnIsApplicantPossessionRoundTicketTest" time="0.491" classname="com.ghana.app.qa.testcases.TravelInfoPageTest"/>
  <testcase name="pass_Primary_ref_addressTest" time="0.264" classname="com.ghana.app.qa.testcases.TravelInfoPageTest"/>
  <testcase name="pass_State_SecRef" time="0.213" classname="com.ghana.app.qa.testcases.TravelInfoPageTest"/>
  <testcase name="pass_City_SecRef" time="0.218" classname="com.ghana.app.qa.testcases.TravelInfoPageTest"/>
  <testcase name="pass_secondary_ref_phone_number" time="0.250" classname="com.ghana.app.qa.testcases.TravelInfoPageTest"/>
  <testcase name="signUpAndFillSignUpPage" time="28.239" classname="com.ghana.app.qa.testcases.TravelInfoPageTest"/>
  <testcase name="pass_primary_ref_countryTest" time="0.181" classname="com.ghana.app.qa.testcases.TravelInfoPageTest"/>
  <testcase name="pass_Address_SecRef" time="0.262" classname="com.ghana.app.qa.testcases.TravelInfoPageTest"/>
  <testcase name="clickOnTravelByTest" time="0.659" classname="com.ghana.app.qa.testcases.TravelInfoPageTest"/>
  <testcase name="pass_firstName_SecRef" time="0.186" classname="com.ghana.app.qa.testcases.TravelInfoPageTest"/>
  <testcase name="verifyCheckBoxTest" time="0.191" classname="com.ghana.app.qa.testcases.TravelInfoPageTest"/>
  <testcase name="pass_Country_SecRef" time="0.260" classname="com.ghana.app.qa.testcases.TravelInfoPageTest"/>
  <testcase name="fillAddressinfoPageTest" time="3.592" classname="com.ghana.app.qa.testcases.TravelInfoPageTest"/>
  <testcase name="passTicketNumberTest" time="0.276" classname="com.ghana.app.qa.testcases.TravelInfoPageTest"/>
  <testcase name="ContinueAndSaveEmergTest" time="5.431" classname="com.ghana.app.qa.testcases.TravelInfoPageTest"/>
  <testcase name="pass_primary_ref_stateTest" time="0.260" classname="com.ghana.app.qa.testcases.TravelInfoPageTest"/>
  <testcase name="pass_primary_ref_cityTest" time="0.261" classname="com.ghana.app.qa.testcases.TravelInfoPageTest"/>
</testsuite> <!-- com.ghana.app.qa.testcases.TravelInfoPageTest -->
