<?xml version="1.0" encoding="UTF-8"?>
<!-- Generated by org.testng.reporters.JUnitReportReporter -->
<testsuite skipped="0" hostname="namet5" name="com.ghana.app.qa.testcases.PersonalInfoPageTest" tests="12" failures="0" timestamp="11 Jun 2019 06:25:17 GMT" time="90.107" errors="0">
  <testcase name="getApplicationPageTitleTest" time="2.126" classname="com.ghana.app.qa.testcases.PersonalInfoPageTest"/>
  <testcase name="fillSignUpFormTest" time="60.729" classname="com.ghana.app.qa.testcases.PersonalInfoPageTest"/>
  <testcase name="passPlaceOfBirthTest" time="2.264" classname="com.ghana.app.qa.testcases.PersonalInfoPageTest"/>
  <testcase name="clickOnGenderTest" time="2.261" classname="com.ghana.app.qa.testcases.PersonalInfoPageTest"/>
  <testcase name="passLastNameTest" time="2.250" classname="com.ghana.app.qa.testcases.PersonalInfoPageTest"/>
  <testcase name="passMiddleNameTest" time="2.358" classname="com.ghana.app.qa.testcases.PersonalInfoPageTest"/>
  <testcase name="passFirstNameTest" time="2.443" classname="com.ghana.app.qa.testcases.PersonalInfoPageTest"/>
  <testcase name="passPassportNumberTest" time="2.344" classname="com.ghana.app.qa.testcases.PersonalInfoPageTest"/>
  <testcase name="verifyPersonalInfoTest" time="2.304" classname="com.ghana.app.qa.testcases.PersonalInfoPageTest"/>
  <testcase name="getApplicationIdTest" time="0.160" classname="com.ghana.app.qa.testcases.PersonalInfoPageTest"/>
  <testcase name="selectPassExpiryDateTest" time="5.447" classname="com.ghana.app.qa.testcases.PersonalInfoPageTest"/>
  <testcase name="selectPassIssueDateTest" time="5.421" classname="com.ghana.app.qa.testcases.PersonalInfoPageTest"/>
</testsuite> <!-- com.ghana.app.qa.testcases.PersonalInfoPageTest -->
