<?xml version="1.0" encoding="UTF-8"?>
<!-- Generated by org.testng.reporters.JUnitReportReporter -->
<testsuite skipped="0" hostname="RahulKaelsMini2" name="com.ghana.app.qa.testcases.EmergencyContactPageTest" tests="5" failures="0" timestamp="15 May 2019 07:24:50 GMT" time="27.002" errors="0">
  <testcase name="signUpAndFillAddressInfo" time="24.932" classname="com.ghana.app.qa.testcases.EmergencyContactPageTest"/>
  <testcase name="SaveAndContinueAddressInfoTest" time="0.285" classname="com.ghana.app.qa.testcases.EmergencyContactPageTest"/>
  <testcase name="emergencyContactDetailsTest" time="0.411" classname="com.ghana.app.qa.testcases.EmergencyContactPageTest"/>
  <testcase name="selectRelationTest" time="0.163" classname="com.ghana.app.qa.testcases.EmergencyContactPageTest"/>
  <testcase name="emergencyProfessionDetailsTest" time="1.211" classname="com.ghana.app.qa.testcases.EmergencyContactPageTest"/>
</testsuite> <!-- com.ghana.app.qa.testcases.EmergencyContactPageTest -->
