<?xml version="1.0" encoding="UTF-8"?>
<!-- Generated by org.testng.reporters.JUnitReportReporter -->
<testsuite hostname="Torenzo" name="com.ghana.app.qa.testcases.VisaPaymentPageTest" tests="7" failures="0" timestamp="26 Jul 2019 06:11:22 GMT" time="135.634" errors="0">
  <testcase name="documentPageTest" time="1.720" classname="com.ghana.app.qa.testcases.VisaPaymentPageTest"/>
  <testcase name="verifyClickOnSubmitBtnTest" time="86.908" classname="com.ghana.app.qa.testcases.VisaPaymentPageTest"/>
  <testcase name="fillAddressinfoPageTest" time="5.901" classname="com.ghana.app.qa.testcases.VisaPaymentPageTest"/>
  <testcase name="signUpAndFillSignUpPage" time="32.374" classname="com.ghana.app.qa.testcases.VisaPaymentPageTest"/>
  <testcase name="fillPersonalPageTest" time="2.556" classname="com.ghana.app.qa.testcases.VisaPaymentPageTest"/>
  <testcase name="fillTravelInfoPageTest" time="3.770" classname="com.ghana.app.qa.testcases.VisaPaymentPageTest"/>
  <testcase name="fillEmergencyPageTest" time="2.405" classname="com.ghana.app.qa.testcases.VisaPaymentPageTest"/>
</testsuite> <!-- com.ghana.app.qa.testcases.VisaPaymentPageTest -->
