<?xml version="1.0" encoding="UTF-8"?>
<!-- Generated by org.testng.reporters.JUnitReportReporter -->
<testsuite skipped="0" hostname="namet5" name="com.ghana.app.qa.testcases.AddressInfoPageTest" tests="7" failures="0" timestamp="12 Jun 2019 12:56:07 GMT" time="97.803" errors="0">
  <testcase name="filladdressInfoTest2" time="4.792" classname="com.ghana.app.qa.testcases.AddressInfoPageTest"/>
  <testcase name="selectFormerNationalityTest" time="6.748" classname="com.ghana.app.qa.testcases.AddressInfoPageTest"/>
  <testcase name="signUpAndFillPersonalInfo" time="64.130" classname="com.ghana.app.qa.testcases.AddressInfoPageTest"/>
  <testcase name="filladdressInfoTest1" time="8.266" classname="com.ghana.app.qa.testcases.AddressInfoPageTest"/>
  <testcase name="SaveAndContinueFromPersonalInfoTest" time="4.591" classname="com.ghana.app.qa.testcases.AddressInfoPageTest"/>
  <testcase name="filladdressInfoTest3" time="6.803" classname="com.ghana.app.qa.testcases.AddressInfoPageTest"/>
  <testcase name="selectAddressType" time="2.473" classname="com.ghana.app.qa.testcases.AddressInfoPageTest"/>
</testsuite> <!-- com.ghana.app.qa.testcases.AddressInfoPageTest -->
